#
# There is insufficient memory for the Java Runtime Environment to continue.
# Native memory allocation (malloc) failed to allocate 1048576 bytes for AllocateHeap
# Possible reasons:
#   The system is out of physical RAM or swap space
#   In 32 bit mode, the process size limit was hit
# Possible solutions:
#   Reduce memory load on the system
#   Increase physical memory or swap space
#   Check if swap backing store is full
#   Use 64 bit Java on a 64 bit OS
#   Decrease Java heap size (-Xmx/-Xms)
#   Decrease number of Java threads
#   Decrease Java thread stack sizes (-Xss)
#   Set larger code cache with -XX:ReservedCodeCacheSize=
# This output file may be truncated or incomplete.
#
#  Out of Memory Error (memory/allocation.inline.hpp:61), pid=17748, tid=0x0000000000004f68
#
# JRE version:  (8.0) (build )
# Java VM: OpenJDK 64-Bit Server VM (25.71-b00 mixed mode windows-amd64 compressed oops)
# Failed to write core dump. Minidumps are not enabled by default on client versions of Windows
#

---------------  T H R E A D  ---------------

Current thread (0x0000000003182800):  JavaThread "Unknown thread" [_thread_in_vm, id=20328, stack(0x0000000003020000,0x0000000003120000)]

Stack: [0x0000000003020000,0x0000000003120000]
[error occurred during error reporting (printing stack bounds), id 0xc0000005]

Native frames: (J=compiled Java code, j=interpreted, Vv=VM code, C=native code)


---------------  P R O C E S S  ---------------

Java Threads: ( => current thread )

Other Threads:

=>0x0000000003182800 (exited) JavaThread "Unknown thread" [_thread_in_vm, id=20328, stack(0x0000000003020000,0x0000000003120000)]

VM state:not at safepoint (normal execution)

VM Mutex/Monitor currently owned by a thread: None

Heap:
 PSYoungGen      total 95744K, used 1648K [0x0000000755980000, 0x000000075c400000, 0x00000007c0000000)
  eden space 82432K, 2% used [0x0000000755980000,0x0000000755b1c298,0x000000075aa00000)
  from space 13312K, 0% used [0x000000075b700000,0x000000075b700000,0x000000075c400000)
  to   space 13312K, 0% used [0x000000075aa00000,0x000000075aa00000,0x000000075b700000)
 ParOldGen       total 218624K, used 0K [0x0000000680c00000, 0x000000068e180000, 0x0000000755980000)
  object space 218624K, 0% used [0x0000000680c00000,0x0000000680c00000,0x000000068e180000)
 Metaspace       used 777K, capacity 4480K, committed 4480K, reserved 1056768K
  class space    used 74K, capacity 384K, committed 384K, reserved 1048576K

Card table byte_map: [0x0000000012640000,0x0000000013040000] byte_map_base: 0x000000000f23a000

Marking Bits: (ParMarkBitMap*) 0x000000005fa1be50
 Begin Bits: [0x00000000140f0000, 0x00000000190c0000)
 End Bits:   [0x00000000190c0000, 0x000000001e090000)

Polling page: 0x0000000001130000

CodeCache: size=245760Kb used=327Kb max_used=327Kb free=245432Kb
 bounds [0x0000000003280000, 0x00000000034f0000, 0x0000000012280000]
 total_blobs=56 nmethods=0 adapters=38
 compilation: enabled

Compilation events (0 events):
No events

GC Heap History (0 events):
No events

Deoptimization events (0 events):
No events

Classes redefined (0 events):
No events

Internal exceptions (0 events):
No events

Events (10 events):
Event: 0.017 loading class java/lang/Short
Event: 0.017 loading class java/lang/Short done
Event: 0.017 loading class java/lang/Integer
Event: 0.017 loading class java/lang/Integer done
Event: 0.017 loading class java/lang/Long
Event: 0.017 loading class java/lang/Long done
Event: 0.017 loading class java/lang/NullPointerException
Event: 0.017 loading class java/lang/NullPointerException done
Event: 0.017 loading class java/lang/ArithmeticException
Event: 0.017 loading class java/lang/ArithmeticException done


Dynamic libraries:
0x00007ff72bcb0000 - 0x00007ff72bce5000 	C:\Program Files\Unity\Hub\Editor\2020.3.17f1\Editor\Data\PlaybackEngines\AndroidPlayer\OpenJDK\bin\java.exe
0x00007ff8fe7b0000 - 0x00007ff8fe9a5000 	C:\Windows\SYSTEM32\ntdll.dll
0x00007ff8da890000 - 0x00007ff8da8a5000 	C:\Program Files\Avast Software\Avast\aswhook.dll
0x00007ff8fd9c0000 - 0x00007ff8fda7d000 	C:\Windows\System32\KERNEL32.DLL
0x00007ff8fc0c0000 - 0x00007ff8fc389000 	C:\Windows\System32\KERNELBASE.dll
0x00007ff8fdd60000 - 0x00007ff8fde0c000 	C:\Windows\System32\ADVAPI32.dll
0x00007ff8fc9d0000 - 0x00007ff8fca6e000 	C:\Windows\System32\msvcrt.dll
0x00007ff8fe550000 - 0x00007ff8fe5eb000 	C:\Windows\System32\sechost.dll
0x00007ff8fd070000 - 0x00007ff8fd19a000 	C:\Windows\System32\RPCRT4.dll
0x00007ff8fd330000 - 0x00007ff8fd4d0000 	C:\Windows\System32\USER32.dll
0x00007ff8fc6b0000 - 0x00007ff8fc6d2000 	C:\Windows\System32\win32u.dll
0x00007ff8fd960000 - 0x00007ff8fd98a000 	C:\Windows\System32\GDI32.dll
0x00007ff8fc5a0000 - 0x00007ff8fc6ab000 	C:\Windows\System32\gdi32full.dll
0x00007ff8fbee0000 - 0x00007ff8fbf7d000 	C:\Windows\System32\msvcp_win.dll
0x00007ff8fc710000 - 0x00007ff8fc810000 	C:\Windows\System32\ucrtbase.dll
0x00007ff8e6730000 - 0x00007ff8e69ca000 	C:\Windows\WinSxS\amd64_microsoft.windows.common-controls_6595b64144ccf1df_6.0.19041.1110_none_60b5254171f9507e\COMCTL32.dll
0x00007ff8fd990000 - 0x00007ff8fd9c0000 	C:\Windows\System32\IMM32.DLL
0x0000000062350000 - 0x0000000062422000 	C:\Program Files\Unity\Hub\Editor\2020.3.17f1\Editor\Data\PlaybackEngines\AndroidPlayer\OpenJDK\jre\bin\msvcr100.dll
0x000000005f250000 - 0x000000005fa99000 	C:\Program Files\Unity\Hub\Editor\2020.3.17f1\Editor\Data\PlaybackEngines\AndroidPlayer\OpenJDK\jre\bin\server\jvm.dll
0x00007ff8fcbe0000 - 0x00007ff8fcbe8000 	C:\Windows\System32\PSAPI.DLL
0x00007ff8f4d20000 - 0x00007ff8f4d29000 	C:\Windows\SYSTEM32\WSOCK32.dll
0x00007ff8f3510000 - 0x00007ff8f3537000 	C:\Windows\SYSTEM32\WINMM.dll
0x00007ff8f72d0000 - 0x00007ff8f72da000 	C:\Windows\SYSTEM32\VERSION.dll
0x00007ff8fd8f0000 - 0x00007ff8fd95b000 	C:\Windows\System32\WS2_32.dll
0x00007ff8f7e40000 - 0x00007ff8f7e4f000 	C:\Program Files\Unity\Hub\Editor\2020.3.17f1\Editor\Data\PlaybackEngines\AndroidPlayer\OpenJDK\jre\bin\verify.dll
0x00007ff8f7e10000 - 0x00007ff8f7e39000 	C:\Program Files\Unity\Hub\Editor\2020.3.17f1\Editor\Data\PlaybackEngines\AndroidPlayer\OpenJDK\jre\bin\java.dll
0x00007ff8f58f0000 - 0x00007ff8f5906000 	C:\Program Files\Unity\Hub\Editor\2020.3.17f1\Editor\Data\PlaybackEngines\AndroidPlayer\OpenJDK\jre\bin\zip.dll

VM Arguments:
jvm_args: -Dfile.encoding=UTF-8 
java_command: <unknown>
java_class_path (initial): .
Launcher Type: SUN_STANDARD

Environment Variables:
JAVA_HOME=C:\Program Files\Unity\Hub\Editor\2020.3.17f1\Editor\Data\PlaybackEngines\AndroidPlayer\OpenJDK
JAVA_TOOL_OPTIONS=-Dfile.encoding=UTF-8
PATH=C:\Program Files\Common Files\Oracle\Java\javapath;C:\Program Files (x86)\Common Files\Oracle\Java\javapath;C:\ProgramData\Oracle\Java\javapath;C:\Windows\system32;C:\Windows;C:\Windows\System32\Wbem;C:\Windows\System32\WindowsPowerShell\v1.0\;C:\Windows\System32\OpenSSH\;C:\Program Files (x86)\ATI Technologies\ATI.ACE\Core-Static;C:\Program Files\dotnet\;C:\Program Files\Microsoft SQL Server\130\Tools\Binn\;C:\Program Files\OpenSSL-Win64\bin;C:\Program Files\Java\jdk1.8.0_77\bin;;C:\Program Files\OpenSSL-Win64\bin
USERNAME=karam
OS=Windows_NT
PROCESSOR_IDENTIFIER=AMD64 Family 23 Model 8 Stepping 2, AuthenticAMD



---------------  S Y S T E M  ---------------

OS: Windows 10.0 , 64 bit Build 19041 (10.0.19041.1151)

CPU:total 12 (initial active 12) (12 cores per cpu, 1 threads per core) family 23 model 8 stepping 2, cmov, cx8, fxsr, mmx, sse, sse2, sse3, ssse3, sse4.1, sse4.2, popcnt, avx, avx2, aes, clmul, mmxext, 3dnowpref, lzcnt, sse4a, tsc, tscinvbit, tscinv, bmi1

Memory: 4k page, physical 20918764k(3791140k free), swap 28268948k(5680k free)

vm_info: OpenJDK 64-Bit Server VM (25.71-b00) for windows-amd64 JRE (1.8.0-adoptopenjdk-_2018_05_19_00_59-b00), built on May 19 2018 01:02:12 by "jenkins" with MS VC++ 10.0 (VS2010)

time: Thu Sep 09 16:14:42 2021
elapsed time: 0 seconds (0d 0h 0m 0s)

